C51 COMPILER V9.56.0.0   SINE                                                              09/02/2025 11:45:30 PAGE 1   


C51 COMPILER V9.56.0.0, COMPILATION OF MODULE SINE
OBJECT MODULE PLACED IN .\Objects\Sine.obj
COMPILER INVOKED BY: C:\Keil_v5\C51\BIN\C51.EXE Sine.c OPTIMIZE(8,SPEED) BROWSE DEBUG OBJECTEXTEND PRINT(.\Listings\Sine
                    -.lst) TABS(2) OBJECT(.\Objects\Sine.obj)

line level    source

   1          #include<reg51.h>
   2          void delay(unsigned int);
   3          unsigned int value[] = {
   4            128,192,238,255,238,192,128,64,17,0,17,64,128};
   5          
   6          void main(){
   7   1        unsigned int i;
   8   1        while(1){
   9   2          for(i = 0;i<13;i++)
  10   2            P1 = value[i];
  11   2          }
  12   1      }
  13          void delay(unsigned int time){
  14   1        unsigned int i,j;
  15   1        for(i = 0;i<time;i++)
  16   1          for(j = 0;j<1275;j++);
  17   1          }
  18            


MODULE INFORMATION:   STATIC OVERLAYABLE
   CODE SIZE        =     58    ----
   CONSTANT SIZE    =   ----    ----
   XDATA SIZE       =   ----    ----
   PDATA SIZE       =   ----    ----
   DATA SIZE        =     26    ----
   IDATA SIZE       =   ----    ----
   BIT SIZE         =   ----    ----
END OF MODULE INFORMATION.


C51 COMPILATION COMPLETE.  0 WARNING(S),  0 ERROR(S)
