C51 COMPILER V9.56.0.0   TRIANGULAR                                                        09/02/2025 11:28:51 PAGE 1   


C51 COMPILER V9.56.0.0, COMPILATION OF MODULE TRIANGULAR
OBJECT MODULE PLACED IN .\Objects\Triangular.obj
COMPILER INVOKED BY: C:\Keil_v5\C51\BIN\C51.EXE Triangular.c OPTIMIZE(8,SPEED) BROWSE DEBUG OBJECTEXTEND PRINT(.\Listing
                    -s\Triangular.lst) TABS(2) OBJECT(.\Objects\Triangular.obj)

line level    source

   1          // DAC Code for Triangular wave
   2          #include<reg51.h>
   3          /*void delay(void){
   4              // for Timer Delay of 39us
   5              TMOD =0x01; //timer 0 Mode 1
   6              TH0 = 0xff;
   7              TL0 = 0xDC;
   8              TR0 = 1;
   9              while(TF0==0);
  10              TR0 = 0;
  11              TF0 = 0;
  12          }
  13          */
  14          
  15          void delay(unsigned int time){
  16   1        unsigned int i,j;
  17   1        for(i = 0;i<time;i++)
  18   1          for(j = 0;j<1275;j++);
  19   1      }
  20          
  21          
  22          void main(){
  23   1        unsigned char i;
  24   1        P1 = 0x00;
  25   1        while(1){
  26   2          for(i = 0;i<255;i++){
  27   3            P1 = i;
  28   3            delay(100);
  29   3          }
  30   2          for(i = 255;i>0;i--){
  31   3            P1 = i;
  32   3            delay(100);
  33   3          }
  34   2        }
  35   1      }


MODULE INFORMATION:   STATIC OVERLAYABLE
   CODE SIZE        =     64    ----
   CONSTANT SIZE    =   ----    ----
   XDATA SIZE       =   ----    ----
   PDATA SIZE       =   ----    ----
   DATA SIZE        =   ----    ----
   IDATA SIZE       =   ----    ----
   BIT SIZE         =   ----    ----
END OF MODULE INFORMATION.


C51 COMPILATION COMPLETE.  0 WARNING(S),  0 ERROR(S)
