C51 COMPILER V9.56.0.0   STEPPER                                                           09/16/2025 10:50:20 PAGE 1   


C51 COMPILER V9.56.0.0, COMPILATION OF MODULE STEPPER
OBJECT MODULE PLACED IN .\Objects\stepper.obj
COMPILER INVOKED BY: C:\Keil_v5\C51\BIN\C51.EXE stepper.c OPTIMIZE(8,SPEED) BROWSE DEBUG OBJECTEXTEND PRINT(.\Listings\s
                    -tepper.lst) TABS(2) OBJECT(.\Objects\stepper.obj)

line level    source

   1          #include <reg51.h>
   2          void delay(unsigned int ms){
   3   1      unsigned int i,j;
   4   1        for(i=0;i<ms;i++){
   5   2        for(j=0;j<1275;j++){}
   6   2        }
   7   1          
   8   1      }
   9          
  10          void main(){
  11   1      
  12   1      unsigned int val[4]={0x03,0x06,0x09,0x0C};
  13   1      unsigned int i;
  14   1      P1=0x00;
  15   1        while(1){
  16   2        for(i=0;i<4;i++){
  17   3        P1=val[i];
  18   3        delay(100);
  19   3        }
  20   2        }
  21   1      }


MODULE INFORMATION:   STATIC OVERLAYABLE
   CODE SIZE        =     87    ----
   CONSTANT SIZE    =      8    ----
   XDATA SIZE       =   ----    ----
   PDATA SIZE       =   ----    ----
   DATA SIZE        =   ----       8
   IDATA SIZE       =   ----    ----
   BIT SIZE         =   ----    ----
END OF MODULE INFORMATION.


C51 COMPILATION COMPLETE.  0 WARNING(S),  0 ERROR(S)
