C51 COMPILER V9.56.0.0   ASCII_COUNTER                                                     07/29/2025 11:43:49 PAGE 1   


C51 COMPILER V9.56.0.0, COMPILATION OF MODULE ASCII_COUNTER
OBJECT MODULE PLACED IN .\Objects\Ascii_counter.obj
COMPILER INVOKED BY: C:\Keil_v5\C51\BIN\C51.EXE Ascii_counter.c OPTIMIZE(8,SPEED) BROWSE DEBUG OBJECTEXTEND PRINT(.\List
                    -ings\Ascii_counter.lst) TABS(2) OBJECT(.\Objects\Ascii_counter.obj)

line level    source

   1          // ASCII Counter from a to z
   2          #include<reg51.h>
   3          #include<stdio.h>
   4          void msDelay(unsigned int );
   5          
   6          void main(){
   7   1            unsigned int i;
   8   1            printf("Hello");
   9   1            for(i = 'a';i<='z';i++){
  10   2              P1 = i;
  11   2              msDelay(3000);
  12   2            }
  13   1      }
  14          void msDelay(unsigned int time){
  15   1            unsigned int i,j;
  16   1            for(i = 0;i<time;i++)
  17   1              for(j = 0;j<1275;j++);
  18   1      }


MODULE INFORMATION:   STATIC OVERLAYABLE
   CODE SIZE        =     75    ----
   CONSTANT SIZE    =      6    ----
   XDATA SIZE       =   ----    ----
   PDATA SIZE       =   ----    ----
   DATA SIZE        =   ----       2
   IDATA SIZE       =   ----    ----
   BIT SIZE         =   ----    ----
END OF MODULE INFORMATION.


C51 COMPILATION COMPLETE.  0 WARNING(S),  0 ERROR(S)
