C51 COMPILER V9.56.0.0   HEX_COUNTER                                                       07/29/2025 11:07:20 PAGE 1   


C51 COMPILER V9.56.0.0, COMPILATION OF MODULE HEX_COUNTER
OBJECT MODULE PLACED IN .\Objects\Hex_counter.obj
COMPILER INVOKED BY: C:\Keil_v5\C51\BIN\C51.EXE Hex_counter.c OPTIMIZE(8,SPEED) BROWSE DEBUG OBJECTEXTEND PRINT(.\Listin
                    -gs\Hex_counter.lst) TABS(2) OBJECT(.\Objects\Hex_counter.obj)

line level    source

   1          // Hex counter from ( 00 to FF)
   2          #include<reg51.h>
   3          void msDelay(unsigned int);
   4          
   5          void main(){
   6   1          unsigned int i;
   7   1          P1 = 0x00;
   8   1          while(1)
   9   1          {
  10   2            for(i = 0x00;i<=0xff;i++)
  11   2            {
  12   3              P1 = i;
  13   3              msDelay(3000);
  14   3            }
  15   2        
  16   2          }
  17   1      }
  18          void msDelay(unsigned int time){
  19   1        unsigned int i,j;
  20   1        for(i = 0;i<=time;i++)
  21   1          for(j = 0;j<1275;j++);
  22   1            // time waste
  23   1          
  24   1        
  25   1      }


MODULE INFORMATION:   STATIC OVERLAYABLE
   CODE SIZE        =     69    ----
   CONSTANT SIZE    =   ----    ----
   XDATA SIZE       =   ----    ----
   PDATA SIZE       =   ----    ----
   DATA SIZE        =   ----       2
   IDATA SIZE       =   ----    ----
   BIT SIZE         =   ----    ----
END OF MODULE INFORMATION.


C51 COMPILATION COMPLETE.  0 WARNING(S),  0 ERROR(S)
